mode: set
github.com/omnipeak/protoc-gen-markdown/internal/utils/strings.go:9.45,10.36 1 1
github.com/omnipeak/protoc-gen-markdown/internal/utils/strings.go:10.36,12.3 1 1
github.com/omnipeak/protoc-gen-markdown/internal/utils/strings.go:15.66,18.19 2 1
github.com/omnipeak/protoc-gen-markdown/internal/utils/strings.go:22.2,22.46 1 1
github.com/omnipeak/protoc-gen-markdown/internal/utils/strings.go:26.2,26.51 1 1
github.com/omnipeak/protoc-gen-markdown/internal/utils/strings.go:30.2,30.15 1 1
github.com/omnipeak/protoc-gen-markdown/internal/utils/strings.go:18.19,20.3 1 0
github.com/omnipeak/protoc-gen-markdown/internal/utils/strings.go:22.46,24.3 1 0
github.com/omnipeak/protoc-gen-markdown/internal/utils/strings.go:26.51,28.3 1 1
github.com/omnipeak/protoc-gen-markdown/internal/utils/strings.go:33.39,34.7 1 1
github.com/omnipeak/protoc-gen-markdown/internal/utils/strings.go:38.2,38.14 1 1
github.com/omnipeak/protoc-gen-markdown/internal/utils/strings.go:34.7,36.3 1 1
github.com/omnipeak/protoc-gen-markdown/internal/utils/strings.go:44.38,52.2 1 0
github.com/omnipeak/protoc-gen-markdown/internal/utils/strings.go:54.81,55.16 1 0
github.com/omnipeak/protoc-gen-markdown/internal/utils/strings.go:59.2,59.21 1 0
github.com/omnipeak/protoc-gen-markdown/internal/utils/strings.go:55.16,57.3 1 0
github.com/omnipeak/protoc-gen-markdown/internal/converter/enum.go:10.87,23.32 3 0
github.com/omnipeak/protoc-gen-markdown/internal/converter/enum.go:35.2,36.16 2 0
github.com/omnipeak/protoc-gen-markdown/internal/converter/enum.go:40.2,40.12 1 0
github.com/omnipeak/protoc-gen-markdown/internal/converter/enum.go:23.32,33.3 3 0
github.com/omnipeak/protoc-gen-markdown/internal/converter/enum.go:36.16,38.3 1 0
github.com/omnipeak/protoc-gen-markdown/internal/converter/enum.go:43.91,47.28 3 1
github.com/omnipeak/protoc-gen-markdown/internal/converter/enum.go:52.2,53.16 2 1
github.com/omnipeak/protoc-gen-markdown/internal/converter/enum.go:57.2,71.37 4 1
github.com/omnipeak/protoc-gen-markdown/internal/converter/enum.go:79.2,81.12 2 1
github.com/omnipeak/protoc-gen-markdown/internal/converter/enum.go:47.28,50.3 2 1
github.com/omnipeak/protoc-gen-markdown/internal/converter/enum.go:53.16,55.3 1 0
github.com/omnipeak/protoc-gen-markdown/internal/converter/enum.go:71.37,77.3 1 1
github.com/omnipeak/protoc-gen-markdown/internal/converter/message.go:15.96,28.35 3 0
github.com/omnipeak/protoc-gen-markdown/internal/converter/message.go:61.2,62.16 2 0
github.com/omnipeak/protoc-gen-markdown/internal/converter/message.go:66.2,67.16 2 0
github.com/omnipeak/protoc-gen-markdown/internal/converter/message.go:71.2,71.12 1 0
github.com/omnipeak/protoc-gen-markdown/internal/converter/message.go:28.35,36.24 2 0
github.com/omnipeak/protoc-gen-markdown/internal/converter/message.go:49.3,53.17 4 0
github.com/omnipeak/protoc-gen-markdown/internal/converter/message.go:57.3,58.63 2 0
github.com/omnipeak/protoc-gen-markdown/internal/converter/message.go:37.30,39.51 2 0
github.com/omnipeak/protoc-gen-markdown/internal/converter/message.go:41.33,43.54 2 0
github.com/omnipeak/protoc-gen-markdown/internal/converter/message.go:45.11,46.44 1 0
github.com/omnipeak/protoc-gen-markdown/internal/converter/message.go:53.17,55.4 1 0
github.com/omnipeak/protoc-gen-markdown/internal/converter/message.go:62.16,64.3 1 0
github.com/omnipeak/protoc-gen-markdown/internal/converter/message.go:67.16,69.3 1 0
github.com/omnipeak/protoc-gen-markdown/internal/converter/message.go:79.9,80.24 1 0
github.com/omnipeak/protoc-gen-markdown/internal/converter/message.go:84.2,86.12 2 0
github.com/omnipeak/protoc-gen-markdown/internal/converter/message.go:80.24,82.3 1 0
github.com/omnipeak/protoc-gen-markdown/internal/converter/message.go:89.104,93.35 3 1
github.com/omnipeak/protoc-gen-markdown/internal/converter/message.go:98.2,99.16 2 1
github.com/omnipeak/protoc-gen-markdown/internal/converter/message.go:103.2,121.37 4 1
github.com/omnipeak/protoc-gen-markdown/internal/converter/message.go:131.2,133.12 2 1
github.com/omnipeak/protoc-gen-markdown/internal/converter/message.go:93.35,96.3 2 1
github.com/omnipeak/protoc-gen-markdown/internal/converter/message.go:99.16,101.3 1 0
github.com/omnipeak/protoc-gen-markdown/internal/converter/message.go:121.37,129.3 1 1
github.com/omnipeak/protoc-gen-markdown/internal/converter/message.go:136.113,137.43 1 0
github.com/omnipeak/protoc-gen-markdown/internal/converter/message.go:303.2,303.12 1 0
github.com/omnipeak/protoc-gen-markdown/internal/converter/message.go:137.43,138.27 1 0
github.com/omnipeak/protoc-gen-markdown/internal/converter/message.go:142.3,147.48 3 0
github.com/omnipeak/protoc-gen-markdown/internal/converter/message.go:253.3,253.50 1 0
github.com/omnipeak/protoc-gen-markdown/internal/converter/message.go:287.3,287.22 1 0
github.com/omnipeak/protoc-gen-markdown/internal/converter/message.go:291.3,296.30 5 0
github.com/omnipeak/protoc-gen-markdown/internal/converter/message.go:300.3,300.8 1 0
github.com/omnipeak/protoc-gen-markdown/internal/converter/message.go:138.27,139.12 1 0
github.com/omnipeak/protoc-gen-markdown/internal/converter/message.go:147.48,148.22 1 0
github.com/omnipeak/protoc-gen-markdown/internal/converter/message.go:152.4,152.25 1 0
github.com/omnipeak/protoc-gen-markdown/internal/converter/message.go:156.4,156.19 1 0
github.com/omnipeak/protoc-gen-markdown/internal/converter/message.go:160.4,160.20 1 0
github.com/omnipeak/protoc-gen-markdown/internal/converter/message.go:169.4,169.23 1 0
github.com/omnipeak/protoc-gen-markdown/internal/converter/message.go:178.4,178.23 1 0
github.com/omnipeak/protoc-gen-markdown/internal/converter/message.go:182.4,182.25 1 0
github.com/omnipeak/protoc-gen-markdown/internal/converter/message.go:191.4,191.25 1 0
github.com/omnipeak/protoc-gen-markdown/internal/converter/message.go:200.4,200.28 1 0
github.com/omnipeak/protoc-gen-markdown/internal/converter/message.go:204.4,204.22 1 0
github.com/omnipeak/protoc-gen-markdown/internal/converter/message.go:208.4,208.24 1 0
github.com/omnipeak/protoc-gen-markdown/internal/converter/message.go:212.4,212.23 1 0
github.com/omnipeak/protoc-gen-markdown/internal/converter/message.go:216.4,216.23 1 0
github.com/omnipeak/protoc-gen-markdown/internal/converter/message.go:220.4,220.22 1 0
github.com/omnipeak/protoc-gen-markdown/internal/converter/message.go:224.4,224.20 1 0
github.com/omnipeak/protoc-gen-markdown/internal/converter/message.go:228.4,228.23 1 0
github.com/omnipeak/protoc-gen-markdown/internal/converter/message.go:232.4,232.17 1 0
github.com/omnipeak/protoc-gen-markdown/internal/converter/message.go:236.4,236.23 1 0
github.com/omnipeak/protoc-gen-markdown/internal/converter/message.go:240.4,240.18 1 0
github.com/omnipeak/protoc-gen-markdown/internal/converter/message.go:244.4,244.21 1 0
github.com/omnipeak/protoc-gen-markdown/internal/converter/message.go:248.4,248.19 1 0
github.com/omnipeak/protoc-gen-markdown/internal/converter/message.go:148.22,150.5 1 0
github.com/omnipeak/protoc-gen-markdown/internal/converter/message.go:152.25,154.5 1 0
github.com/omnipeak/protoc-gen-markdown/internal/converter/message.go:156.19,158.5 1 0
github.com/omnipeak/protoc-gen-markdown/internal/converter/message.go:160.20,162.20 2 0
github.com/omnipeak/protoc-gen-markdown/internal/converter/message.go:166.5,166.94 1 0
github.com/omnipeak/protoc-gen-markdown/internal/converter/message.go:162.20,164.6 1 0
github.com/omnipeak/protoc-gen-markdown/internal/converter/message.go:169.23,171.20 2 0
github.com/omnipeak/protoc-gen-markdown/internal/converter/message.go:175.5,175.100 1 0
github.com/omnipeak/protoc-gen-markdown/internal/converter/message.go:171.20,173.6 1 0
github.com/omnipeak/protoc-gen-markdown/internal/converter/message.go:178.23,180.5 1 0
github.com/omnipeak/protoc-gen-markdown/internal/converter/message.go:182.25,184.20 2 0
github.com/omnipeak/protoc-gen-markdown/internal/converter/message.go:188.5,188.104 1 0
github.com/omnipeak/protoc-gen-markdown/internal/converter/message.go:184.20,186.6 1 0
github.com/omnipeak/protoc-gen-markdown/internal/converter/message.go:191.25,193.20 2 0
github.com/omnipeak/protoc-gen-markdown/internal/converter/message.go:197.5,197.104 1 0
github.com/omnipeak/protoc-gen-markdown/internal/converter/message.go:193.20,195.6 1 0
github.com/omnipeak/protoc-gen-markdown/internal/converter/message.go:200.28,202.5 1 0
github.com/omnipeak/protoc-gen-markdown/internal/converter/message.go:204.22,206.5 1 0
github.com/omnipeak/protoc-gen-markdown/internal/converter/message.go:208.24,210.5 1 0
github.com/omnipeak/protoc-gen-markdown/internal/converter/message.go:212.23,214.5 1 0
github.com/omnipeak/protoc-gen-markdown/internal/converter/message.go:216.23,218.5 1 0
github.com/omnipeak/protoc-gen-markdown/internal/converter/message.go:220.22,222.5 1 0
github.com/omnipeak/protoc-gen-markdown/internal/converter/message.go:224.20,226.5 1 0
github.com/omnipeak/protoc-gen-markdown/internal/converter/message.go:228.23,230.5 1 0
github.com/omnipeak/protoc-gen-markdown/internal/converter/message.go:232.17,234.5 1 0
github.com/omnipeak/protoc-gen-markdown/internal/converter/message.go:236.23,238.5 1 0
github.com/omnipeak/protoc-gen-markdown/internal/converter/message.go:240.18,242.5 1 0
github.com/omnipeak/protoc-gen-markdown/internal/converter/message.go:244.21,246.5 1 0
github.com/omnipeak/protoc-gen-markdown/internal/converter/message.go:248.19,250.5 1 0
github.com/omnipeak/protoc-gen-markdown/internal/converter/message.go:253.50,254.22 1 0
github.com/omnipeak/protoc-gen-markdown/internal/converter/message.go:258.4,258.23 1 0
github.com/omnipeak/protoc-gen-markdown/internal/converter/message.go:262.4,262.24 1 0
github.com/omnipeak/protoc-gen-markdown/internal/converter/message.go:266.4,266.20 1 0
github.com/omnipeak/protoc-gen-markdown/internal/converter/message.go:270.4,270.25 1 0
github.com/omnipeak/protoc-gen-markdown/internal/converter/message.go:274.4,274.24 1 0
github.com/omnipeak/protoc-gen-markdown/internal/converter/message.go:278.4,278.20 1 0
github.com/omnipeak/protoc-gen-markdown/internal/converter/message.go:282.4,282.25 1 0
github.com/omnipeak/protoc-gen-markdown/internal/converter/message.go:254.22,256.5 1 0
github.com/omnipeak/protoc-gen-markdown/internal/converter/message.go:258.23,260.5 1 0
github.com/omnipeak/protoc-gen-markdown/internal/converter/message.go:262.24,264.5 1 0
github.com/omnipeak/protoc-gen-markdown/internal/converter/message.go:266.20,268.5 1 0
github.com/omnipeak/protoc-gen-markdown/internal/converter/message.go:270.25,272.5 1 0
github.com/omnipeak/protoc-gen-markdown/internal/converter/message.go:274.24,276.5 1 0
github.com/omnipeak/protoc-gen-markdown/internal/converter/message.go:278.20,280.5 1 0
github.com/omnipeak/protoc-gen-markdown/internal/converter/message.go:282.25,284.5 1 0
github.com/omnipeak/protoc-gen-markdown/internal/converter/message.go:287.22,288.12 1 0
github.com/omnipeak/protoc-gen-markdown/internal/converter/message.go:296.30,298.4 1 0
github.com/omnipeak/protoc-gen-markdown/internal/converter/service.go:10.92,19.32 2 0
github.com/omnipeak/protoc-gen-markdown/internal/converter/service.go:33.2,35.12 2 0
github.com/omnipeak/protoc-gen-markdown/internal/converter/service.go:19.32,31.3 5 0
github.com/omnipeak/protoc-gen-markdown/internal/converter/service.go:38.97,42.28 3 1
github.com/omnipeak/protoc-gen-markdown/internal/converter/service.go:47.2,51.16 4 1
github.com/omnipeak/protoc-gen-markdown/internal/converter/service.go:55.2,73.37 4 1
github.com/omnipeak/protoc-gen-markdown/internal/converter/service.go:83.2,85.12 2 1
github.com/omnipeak/protoc-gen-markdown/internal/converter/service.go:42.28,45.3 2 1
github.com/omnipeak/protoc-gen-markdown/internal/converter/service.go:51.16,53.3 1 0
github.com/omnipeak/protoc-gen-markdown/internal/converter/service.go:73.37,81.3 1 1
github.com/omnipeak/protoc-gen-markdown/internal/converter/service_data.go:19.66,25.45 2 1
github.com/omnipeak/protoc-gen-markdown/internal/converter/service_data.go:52.2,52.18 1 1
github.com/omnipeak/protoc-gen-markdown/internal/converter/service_data.go:25.45,27.10 2 1
github.com/omnipeak/protoc-gen-markdown/internal/converter/service_data.go:31.3,37.35 3 1
github.com/omnipeak/protoc-gen-markdown/internal/converter/service_data.go:41.3,49.37 7 1
github.com/omnipeak/protoc-gen-markdown/internal/converter/service_data.go:27.10,29.4 1 0
github.com/omnipeak/protoc-gen-markdown/internal/converter/service_data.go:37.35,39.4 1 1
github.com/omnipeak/protoc-gen-markdown/main.go:8.13,10.2 1 0
github.com/omnipeak/protoc-gen-markdown/internal/converter/converter.go:26.23,31.2 1 1
github.com/omnipeak/protoc-gen-markdown/internal/converter/converter.go:33.12,37.17 2 0
github.com/omnipeak/protoc-gen-markdown/internal/converter/converter.go:48.2,52.19 2 0
github.com/omnipeak/protoc-gen-markdown/internal/converter/converter.go:37.17,45.4 1 0
github.com/omnipeak/protoc-gen-markdown/internal/converter/converter.go:55.61,58.36 2 0
github.com/omnipeak/protoc-gen-markdown/internal/converter/converter.go:70.2,74.31 4 0
github.com/omnipeak/protoc-gen-markdown/internal/converter/converter.go:78.2,78.12 1 0
github.com/omnipeak/protoc-gen-markdown/internal/converter/converter.go:58.36,59.70 1 0
github.com/omnipeak/protoc-gen-markdown/internal/converter/converter.go:63.3,63.20 1 0
github.com/omnipeak/protoc-gen-markdown/internal/converter/converter.go:59.70,61.4 1 0
github.com/omnipeak/protoc-gen-markdown/internal/converter/converter.go:63.20,64.54 1 0
github.com/omnipeak/protoc-gen-markdown/internal/converter/converter.go:64.54,66.5 1 0
github.com/omnipeak/protoc-gen-markdown/internal/converter/converter.go:74.31,76.3 1 0
github.com/omnipeak/protoc-gen-markdown/internal/converter/converter.go:81.50,83.39 2 0
github.com/omnipeak/protoc-gen-markdown/internal/converter/converter.go:93.2,95.33 2 0
github.com/omnipeak/protoc-gen-markdown/internal/converter/converter.go:99.2,99.38 1 0
github.com/omnipeak/protoc-gen-markdown/internal/converter/converter.go:103.2,103.36 1 0
github.com/omnipeak/protoc-gen-markdown/internal/converter/converter.go:107.2,107.36 1 0
github.com/omnipeak/protoc-gen-markdown/internal/converter/converter.go:83.39,91.3 1 0
github.com/omnipeak/protoc-gen-markdown/internal/converter/converter.go:95.33,97.3 1 0
github.com/omnipeak/protoc-gen-markdown/internal/converter/converter.go:99.38,101.3 1 0
github.com/omnipeak/protoc-gen-markdown/internal/converter/converter.go:103.36,105.3 1 0
github.com/omnipeak/protoc-gen-markdown/internal/converter/converter.go:107.36,109.3 1 0
github.com/omnipeak/protoc-gen-markdown/internal/converter/converter.go:112.85,128.40 6 0
github.com/omnipeak/protoc-gen-markdown/internal/converter/converter.go:134.2,134.34 1 0
github.com/omnipeak/protoc-gen-markdown/internal/converter/converter.go:140.2,140.40 1 0
github.com/omnipeak/protoc-gen-markdown/internal/converter/converter.go:146.2,146.12 1 0
github.com/omnipeak/protoc-gen-markdown/internal/converter/converter.go:128.40,129.54 1 0
github.com/omnipeak/protoc-gen-markdown/internal/converter/converter.go:129.54,131.4 1 0
github.com/omnipeak/protoc-gen-markdown/internal/converter/converter.go:134.34,135.48 1 0
github.com/omnipeak/protoc-gen-markdown/internal/converter/converter.go:135.48,137.4 1 0
github.com/omnipeak/protoc-gen-markdown/internal/converter/converter.go:140.40,141.54 1 0
github.com/omnipeak/protoc-gen-markdown/internal/converter/converter.go:141.54,143.4 1 0
github.com/omnipeak/protoc-gen-markdown/internal/converter/converter.go:165.10,167.33 2 0
github.com/omnipeak/protoc-gen-markdown/internal/converter/converter.go:170.2,171.33 2 0
github.com/omnipeak/protoc-gen-markdown/internal/converter/converter.go:176.2,176.12 1 0
github.com/omnipeak/protoc-gen-markdown/internal/converter/converter.go:167.33,169.3 1 0
github.com/omnipeak/protoc-gen-markdown/internal/converter/converter.go:171.33,172.92 1 0
github.com/omnipeak/protoc-gen-markdown/internal/converter/converter.go:172.92,174.4 1 0
github.com/omnipeak/protoc-gen-markdown/internal/converter/enum_data.go:18.62,24.44 2 1
github.com/omnipeak/protoc-gen-markdown/internal/converter/enum_data.go:41.2,41.23 1 1
github.com/omnipeak/protoc-gen-markdown/internal/converter/enum_data.go:24.44,26.10 2 1
github.com/omnipeak/protoc-gen-markdown/internal/converter/enum_data.go:30.3,38.72 4 1
github.com/omnipeak/protoc-gen-markdown/internal/converter/enum_data.go:26.10,28.4 1 0
github.com/omnipeak/protoc-gen-markdown/internal/converter/message_data.go:20.68,26.44 2 1
github.com/omnipeak/protoc-gen-markdown/internal/converter/message_data.go:67.2,67.17 1 1
github.com/omnipeak/protoc-gen-markdown/internal/converter/message_data.go:26.44,28.10 2 1
github.com/omnipeak/protoc-gen-markdown/internal/converter/message_data.go:32.3,38.26 2 1
github.com/omnipeak/protoc-gen-markdown/internal/converter/message_data.go:60.3,64.35 4 1
github.com/omnipeak/protoc-gen-markdown/internal/converter/message_data.go:28.10,30.4 1 0
github.com/omnipeak/protoc-gen-markdown/internal/converter/message_data.go:39.26,41.20 2 1
github.com/omnipeak/protoc-gen-markdown/internal/converter/message_data.go:45.4,49.5 1 1
github.com/omnipeak/protoc-gen-markdown/internal/converter/message_data.go:51.11,53.20 2 1
github.com/omnipeak/protoc-gen-markdown/internal/converter/message_data.go:57.4,57.57 1 1
github.com/omnipeak/protoc-gen-markdown/internal/converter/message_data.go:41.20,43.5 1 0
github.com/omnipeak/protoc-gen-markdown/internal/converter/message_data.go:53.20,55.5 1 1
github.com/omnipeak/protoc-gen-markdown/internal/converter/message.go:15.96,28.35 3 0
github.com/omnipeak/protoc-gen-markdown/internal/converter/message.go:61.2,62.16 2 0
github.com/omnipeak/protoc-gen-markdown/internal/converter/message.go:66.2,67.16 2 0
github.com/omnipeak/protoc-gen-markdown/internal/converter/message.go:71.2,71.12 1 0
github.com/omnipeak/protoc-gen-markdown/internal/converter/message.go:28.35,36.24 2 0
github.com/omnipeak/protoc-gen-markdown/internal/converter/message.go:49.3,53.17 4 0
github.com/omnipeak/protoc-gen-markdown/internal/converter/message.go:57.3,58.63 2 0
github.com/omnipeak/protoc-gen-markdown/internal/converter/message.go:37.30,39.51 2 0
github.com/omnipeak/protoc-gen-markdown/internal/converter/message.go:41.33,43.54 2 0
github.com/omnipeak/protoc-gen-markdown/internal/converter/message.go:45.11,46.44 1 0
github.com/omnipeak/protoc-gen-markdown/internal/converter/message.go:53.17,55.4 1 0
github.com/omnipeak/protoc-gen-markdown/internal/converter/message.go:62.16,64.3 1 0
github.com/omnipeak/protoc-gen-markdown/internal/converter/message.go:67.16,69.3 1 0
github.com/omnipeak/protoc-gen-markdown/internal/converter/message.go:79.9,80.24 1 0
github.com/omnipeak/protoc-gen-markdown/internal/converter/message.go:84.2,86.12 2 0
github.com/omnipeak/protoc-gen-markdown/internal/converter/message.go:80.24,82.3 1 0
github.com/omnipeak/protoc-gen-markdown/internal/converter/message.go:89.104,93.35 3 0
github.com/omnipeak/protoc-gen-markdown/internal/converter/message.go:98.2,99.16 2 0
github.com/omnipeak/protoc-gen-markdown/internal/converter/message.go:103.2,121.37 4 0
github.com/omnipeak/protoc-gen-markdown/internal/converter/message.go:131.2,133.12 2 0
github.com/omnipeak/protoc-gen-markdown/internal/converter/message.go:93.35,96.3 2 0
github.com/omnipeak/protoc-gen-markdown/internal/converter/message.go:99.16,101.3 1 0
github.com/omnipeak/protoc-gen-markdown/internal/converter/message.go:121.37,129.3 1 0
github.com/omnipeak/protoc-gen-markdown/internal/converter/message.go:136.113,137.43 1 0
github.com/omnipeak/protoc-gen-markdown/internal/converter/message.go:303.2,303.12 1 0
github.com/omnipeak/protoc-gen-markdown/internal/converter/message.go:137.43,138.27 1 0
github.com/omnipeak/protoc-gen-markdown/internal/converter/message.go:142.3,147.48 3 0
github.com/omnipeak/protoc-gen-markdown/internal/converter/message.go:253.3,253.50 1 0
github.com/omnipeak/protoc-gen-markdown/internal/converter/message.go:287.3,287.22 1 0
github.com/omnipeak/protoc-gen-markdown/internal/converter/message.go:291.3,296.30 5 0
github.com/omnipeak/protoc-gen-markdown/internal/converter/message.go:300.3,300.8 1 0
github.com/omnipeak/protoc-gen-markdown/internal/converter/message.go:138.27,139.12 1 0
github.com/omnipeak/protoc-gen-markdown/internal/converter/message.go:147.48,148.22 1 0
github.com/omnipeak/protoc-gen-markdown/internal/converter/message.go:152.4,152.25 1 0
github.com/omnipeak/protoc-gen-markdown/internal/converter/message.go:156.4,156.19 1 0
github.com/omnipeak/protoc-gen-markdown/internal/converter/message.go:160.4,160.20 1 0
github.com/omnipeak/protoc-gen-markdown/internal/converter/message.go:169.4,169.23 1 0
github.com/omnipeak/protoc-gen-markdown/internal/converter/message.go:178.4,178.23 1 0
github.com/omnipeak/protoc-gen-markdown/internal/converter/message.go:182.4,182.25 1 0
github.com/omnipeak/protoc-gen-markdown/internal/converter/message.go:191.4,191.25 1 0
github.com/omnipeak/protoc-gen-markdown/internal/converter/message.go:200.4,200.28 1 0
github.com/omnipeak/protoc-gen-markdown/internal/converter/message.go:204.4,204.22 1 0
github.com/omnipeak/protoc-gen-markdown/internal/converter/message.go:208.4,208.24 1 0
github.com/omnipeak/protoc-gen-markdown/internal/converter/message.go:212.4,212.23 1 0
github.com/omnipeak/protoc-gen-markdown/internal/converter/message.go:216.4,216.23 1 0
github.com/omnipeak/protoc-gen-markdown/internal/converter/message.go:220.4,220.22 1 0
github.com/omnipeak/protoc-gen-markdown/internal/converter/message.go:224.4,224.20 1 0
github.com/omnipeak/protoc-gen-markdown/internal/converter/message.go:228.4,228.23 1 0
github.com/omnipeak/protoc-gen-markdown/internal/converter/message.go:232.4,232.17 1 0
github.com/omnipeak/protoc-gen-markdown/internal/converter/message.go:236.4,236.23 1 0
github.com/omnipeak/protoc-gen-markdown/internal/converter/message.go:240.4,240.18 1 0
github.com/omnipeak/protoc-gen-markdown/internal/converter/message.go:244.4,244.21 1 0
github.com/omnipeak/protoc-gen-markdown/internal/converter/message.go:248.4,248.19 1 0
github.com/omnipeak/protoc-gen-markdown/internal/converter/message.go:148.22,150.5 1 0
github.com/omnipeak/protoc-gen-markdown/internal/converter/message.go:152.25,154.5 1 0
github.com/omnipeak/protoc-gen-markdown/internal/converter/message.go:156.19,158.5 1 0
github.com/omnipeak/protoc-gen-markdown/internal/converter/message.go:160.20,162.20 2 0
github.com/omnipeak/protoc-gen-markdown/internal/converter/message.go:166.5,166.94 1 0
github.com/omnipeak/protoc-gen-markdown/internal/converter/message.go:162.20,164.6 1 0
github.com/omnipeak/protoc-gen-markdown/internal/converter/message.go:169.23,171.20 2 0
github.com/omnipeak/protoc-gen-markdown/internal/converter/message.go:175.5,175.100 1 0
github.com/omnipeak/protoc-gen-markdown/internal/converter/message.go:171.20,173.6 1 0
github.com/omnipeak/protoc-gen-markdown/internal/converter/message.go:178.23,180.5 1 0
github.com/omnipeak/protoc-gen-markdown/internal/converter/message.go:182.25,184.20 2 0
github.com/omnipeak/protoc-gen-markdown/internal/converter/message.go:188.5,188.104 1 0
github.com/omnipeak/protoc-gen-markdown/internal/converter/message.go:184.20,186.6 1 0
github.com/omnipeak/protoc-gen-markdown/internal/converter/message.go:191.25,193.20 2 0
github.com/omnipeak/protoc-gen-markdown/internal/converter/message.go:197.5,197.104 1 0
github.com/omnipeak/protoc-gen-markdown/internal/converter/message.go:193.20,195.6 1 0
github.com/omnipeak/protoc-gen-markdown/internal/converter/message.go:200.28,202.5 1 0
github.com/omnipeak/protoc-gen-markdown/internal/converter/message.go:204.22,206.5 1 0
github.com/omnipeak/protoc-gen-markdown/internal/converter/message.go:208.24,210.5 1 0
github.com/omnipeak/protoc-gen-markdown/internal/converter/message.go:212.23,214.5 1 0
github.com/omnipeak/protoc-gen-markdown/internal/converter/message.go:216.23,218.5 1 0
github.com/omnipeak/protoc-gen-markdown/internal/converter/message.go:220.22,222.5 1 0
github.com/omnipeak/protoc-gen-markdown/internal/converter/message.go:224.20,226.5 1 0
github.com/omnipeak/protoc-gen-markdown/internal/converter/message.go:228.23,230.5 1 0
github.com/omnipeak/protoc-gen-markdown/internal/converter/message.go:232.17,234.5 1 0
github.com/omnipeak/protoc-gen-markdown/internal/converter/message.go:236.23,238.5 1 0
github.com/omnipeak/protoc-gen-markdown/internal/converter/message.go:240.18,242.5 1 0
github.com/omnipeak/protoc-gen-markdown/internal/converter/message.go:244.21,246.5 1 0
github.com/omnipeak/protoc-gen-markdown/internal/converter/message.go:248.19,250.5 1 0
github.com/omnipeak/protoc-gen-markdown/internal/converter/message.go:253.50,254.22 1 0
github.com/omnipeak/protoc-gen-markdown/internal/converter/message.go:258.4,258.23 1 0
github.com/omnipeak/protoc-gen-markdown/internal/converter/message.go:262.4,262.24 1 0
github.com/omnipeak/protoc-gen-markdown/internal/converter/message.go:266.4,266.20 1 0
github.com/omnipeak/protoc-gen-markdown/internal/converter/message.go:270.4,270.25 1 0
github.com/omnipeak/protoc-gen-markdown/internal/converter/message.go:274.4,274.24 1 0
github.com/omnipeak/protoc-gen-markdown/internal/converter/message.go:278.4,278.20 1 0
github.com/omnipeak/protoc-gen-markdown/internal/converter/message.go:282.4,282.25 1 0
github.com/omnipeak/protoc-gen-markdown/internal/converter/message.go:254.22,256.5 1 0
github.com/omnipeak/protoc-gen-markdown/internal/converter/message.go:258.23,260.5 1 0
github.com/omnipeak/protoc-gen-markdown/internal/converter/message.go:262.24,264.5 1 0
github.com/omnipeak/protoc-gen-markdown/internal/converter/message.go:266.20,268.5 1 0
github.com/omnipeak/protoc-gen-markdown/internal/converter/message.go:270.25,272.5 1 0
github.com/omnipeak/protoc-gen-markdown/internal/converter/message.go:274.24,276.5 1 0
github.com/omnipeak/protoc-gen-markdown/internal/converter/message.go:278.20,280.5 1 0
github.com/omnipeak/protoc-gen-markdown/internal/converter/message.go:282.25,284.5 1 0
github.com/omnipeak/protoc-gen-markdown/internal/converter/message.go:287.22,288.12 1 0
github.com/omnipeak/protoc-gen-markdown/internal/converter/message.go:296.30,298.4 1 0
github.com/omnipeak/protoc-gen-markdown/internal/converter/message_data.go:20.68,26.44 2 0
github.com/omnipeak/protoc-gen-markdown/internal/converter/message_data.go:67.2,67.17 1 0
github.com/omnipeak/protoc-gen-markdown/internal/converter/message_data.go:26.44,28.10 2 0
github.com/omnipeak/protoc-gen-markdown/internal/converter/message_data.go:32.3,38.26 2 0
github.com/omnipeak/protoc-gen-markdown/internal/converter/message_data.go:60.3,64.35 4 0
github.com/omnipeak/protoc-gen-markdown/internal/converter/message_data.go:28.10,30.4 1 0
github.com/omnipeak/protoc-gen-markdown/internal/converter/message_data.go:39.26,41.20 2 0
github.com/omnipeak/protoc-gen-markdown/internal/converter/message_data.go:45.4,49.5 1 0
github.com/omnipeak/protoc-gen-markdown/internal/converter/message_data.go:51.11,53.20 2 0
github.com/omnipeak/protoc-gen-markdown/internal/converter/message_data.go:57.4,57.57 1 0
github.com/omnipeak/protoc-gen-markdown/internal/converter/message_data.go:41.20,43.5 1 0
github.com/omnipeak/protoc-gen-markdown/internal/converter/message_data.go:53.20,55.5 1 0
github.com/omnipeak/protoc-gen-markdown/internal/converter/service.go:10.92,19.32 2 0
github.com/omnipeak/protoc-gen-markdown/internal/converter/service.go:33.2,35.12 2 0
github.com/omnipeak/protoc-gen-markdown/internal/converter/service.go:19.32,31.3 5 0
github.com/omnipeak/protoc-gen-markdown/internal/converter/service.go:38.97,42.28 3 0
github.com/omnipeak/protoc-gen-markdown/internal/converter/service.go:47.2,51.16 4 0
github.com/omnipeak/protoc-gen-markdown/internal/converter/service.go:55.2,73.37 4 0
github.com/omnipeak/protoc-gen-markdown/internal/converter/service.go:83.2,85.12 2 0
github.com/omnipeak/protoc-gen-markdown/internal/converter/service.go:42.28,45.3 2 0
github.com/omnipeak/protoc-gen-markdown/internal/converter/service.go:51.16,53.3 1 0
github.com/omnipeak/protoc-gen-markdown/internal/converter/service.go:73.37,81.3 1 0
github.com/omnipeak/protoc-gen-markdown/main.go:8.13,10.2 1 0
github.com/omnipeak/protoc-gen-markdown/internal/utils/strings.go:9.45,10.36 1 1
github.com/omnipeak/protoc-gen-markdown/internal/utils/strings.go:10.36,12.3 1 1
github.com/omnipeak/protoc-gen-markdown/internal/utils/strings.go:15.66,18.19 2 1
github.com/omnipeak/protoc-gen-markdown/internal/utils/strings.go:22.2,22.46 1 1
github.com/omnipeak/protoc-gen-markdown/internal/utils/strings.go:26.2,26.51 1 1
github.com/omnipeak/protoc-gen-markdown/internal/utils/strings.go:30.2,30.15 1 1
github.com/omnipeak/protoc-gen-markdown/internal/utils/strings.go:18.19,20.3 1 1
github.com/omnipeak/protoc-gen-markdown/internal/utils/strings.go:22.46,24.3 1 1
github.com/omnipeak/protoc-gen-markdown/internal/utils/strings.go:26.51,28.3 1 1
github.com/omnipeak/protoc-gen-markdown/internal/utils/strings.go:33.39,34.7 1 1
github.com/omnipeak/protoc-gen-markdown/internal/utils/strings.go:38.2,38.14 1 1
github.com/omnipeak/protoc-gen-markdown/internal/utils/strings.go:34.7,36.3 1 1
github.com/omnipeak/protoc-gen-markdown/internal/utils/strings.go:44.38,52.2 1 1
github.com/omnipeak/protoc-gen-markdown/internal/utils/strings.go:54.81,55.16 1 1
github.com/omnipeak/protoc-gen-markdown/internal/utils/strings.go:59.2,59.21 1 1
github.com/omnipeak/protoc-gen-markdown/internal/utils/strings.go:55.16,57.3 1 1
github.com/omnipeak/protoc-gen-markdown/internal/converter/enum.go:10.87,23.32 3 0
github.com/omnipeak/protoc-gen-markdown/internal/converter/enum.go:35.2,36.16 2 0
github.com/omnipeak/protoc-gen-markdown/internal/converter/enum.go:40.2,40.12 1 0
github.com/omnipeak/protoc-gen-markdown/internal/converter/enum.go:23.32,33.3 3 0
github.com/omnipeak/protoc-gen-markdown/internal/converter/enum.go:36.16,38.3 1 0
github.com/omnipeak/protoc-gen-markdown/internal/converter/enum.go:43.91,47.28 3 0
github.com/omnipeak/protoc-gen-markdown/internal/converter/enum.go:52.2,53.16 2 0
github.com/omnipeak/protoc-gen-markdown/internal/converter/enum.go:57.2,71.37 4 0
github.com/omnipeak/protoc-gen-markdown/internal/converter/enum.go:79.2,81.12 2 0
github.com/omnipeak/protoc-gen-markdown/internal/converter/enum.go:47.28,50.3 2 0
github.com/omnipeak/protoc-gen-markdown/internal/converter/enum.go:53.16,55.3 1 0
github.com/omnipeak/protoc-gen-markdown/internal/converter/enum.go:71.37,77.3 1 0
github.com/omnipeak/protoc-gen-markdown/internal/converter/enum_data.go:18.62,24.44 2 0
github.com/omnipeak/protoc-gen-markdown/internal/converter/enum_data.go:41.2,41.23 1 0
github.com/omnipeak/protoc-gen-markdown/internal/converter/enum_data.go:24.44,26.10 2 0
github.com/omnipeak/protoc-gen-markdown/internal/converter/enum_data.go:30.3,38.72 4 0
github.com/omnipeak/protoc-gen-markdown/internal/converter/enum_data.go:26.10,28.4 1 0
github.com/omnipeak/protoc-gen-markdown/internal/converter/service_data.go:19.66,25.45 2 0
github.com/omnipeak/protoc-gen-markdown/internal/converter/service_data.go:52.2,52.18 1 0
github.com/omnipeak/protoc-gen-markdown/internal/converter/service_data.go:25.45,27.10 2 0
github.com/omnipeak/protoc-gen-markdown/internal/converter/service_data.go:31.3,37.35 3 0
github.com/omnipeak/protoc-gen-markdown/internal/converter/service_data.go:41.3,49.37 7 0
github.com/omnipeak/protoc-gen-markdown/internal/converter/service_data.go:27.10,29.4 1 0
github.com/omnipeak/protoc-gen-markdown/internal/converter/service_data.go:37.35,39.4 1 0
github.com/omnipeak/protoc-gen-markdown/internal/converter/converter.go:26.23,31.2 1 0
github.com/omnipeak/protoc-gen-markdown/internal/converter/converter.go:33.12,37.17 2 0
github.com/omnipeak/protoc-gen-markdown/internal/converter/converter.go:48.2,52.19 2 0
github.com/omnipeak/protoc-gen-markdown/internal/converter/converter.go:37.17,45.4 1 0
github.com/omnipeak/protoc-gen-markdown/internal/converter/converter.go:55.61,58.36 2 0
github.com/omnipeak/protoc-gen-markdown/internal/converter/converter.go:70.2,74.31 4 0
github.com/omnipeak/protoc-gen-markdown/internal/converter/converter.go:78.2,78.12 1 0
github.com/omnipeak/protoc-gen-markdown/internal/converter/converter.go:58.36,59.70 1 0
github.com/omnipeak/protoc-gen-markdown/internal/converter/converter.go:63.3,63.20 1 0
github.com/omnipeak/protoc-gen-markdown/internal/converter/converter.go:59.70,61.4 1 0
github.com/omnipeak/protoc-gen-markdown/internal/converter/converter.go:63.20,64.54 1 0
github.com/omnipeak/protoc-gen-markdown/internal/converter/converter.go:64.54,66.5 1 0
github.com/omnipeak/protoc-gen-markdown/internal/converter/converter.go:74.31,76.3 1 0
github.com/omnipeak/protoc-gen-markdown/internal/converter/converter.go:81.50,83.39 2 0
github.com/omnipeak/protoc-gen-markdown/internal/converter/converter.go:93.2,95.33 2 0
github.com/omnipeak/protoc-gen-markdown/internal/converter/converter.go:99.2,99.38 1 0
github.com/omnipeak/protoc-gen-markdown/internal/converter/converter.go:103.2,103.36 1 0
github.com/omnipeak/protoc-gen-markdown/internal/converter/converter.go:107.2,107.36 1 0
github.com/omnipeak/protoc-gen-markdown/internal/converter/converter.go:83.39,91.3 1 0
github.com/omnipeak/protoc-gen-markdown/internal/converter/converter.go:95.33,97.3 1 0
github.com/omnipeak/protoc-gen-markdown/internal/converter/converter.go:99.38,101.3 1 0
github.com/omnipeak/protoc-gen-markdown/internal/converter/converter.go:103.36,105.3 1 0
github.com/omnipeak/protoc-gen-markdown/internal/converter/converter.go:107.36,109.3 1 0
github.com/omnipeak/protoc-gen-markdown/internal/converter/converter.go:112.85,128.40 6 0
github.com/omnipeak/protoc-gen-markdown/internal/converter/converter.go:134.2,134.34 1 0
github.com/omnipeak/protoc-gen-markdown/internal/converter/converter.go:140.2,140.40 1 0
github.com/omnipeak/protoc-gen-markdown/internal/converter/converter.go:146.2,146.12 1 0
github.com/omnipeak/protoc-gen-markdown/internal/converter/converter.go:128.40,129.54 1 0
github.com/omnipeak/protoc-gen-markdown/internal/converter/converter.go:129.54,131.4 1 0
github.com/omnipeak/protoc-gen-markdown/internal/converter/converter.go:134.34,135.48 1 0
github.com/omnipeak/protoc-gen-markdown/internal/converter/converter.go:135.48,137.4 1 0
github.com/omnipeak/protoc-gen-markdown/internal/converter/converter.go:140.40,141.54 1 0
github.com/omnipeak/protoc-gen-markdown/internal/converter/converter.go:141.54,143.4 1 0
github.com/omnipeak/protoc-gen-markdown/internal/converter/converter.go:165.10,167.33 2 0
github.com/omnipeak/protoc-gen-markdown/internal/converter/converter.go:170.2,171.33 2 0
github.com/omnipeak/protoc-gen-markdown/internal/converter/converter.go:176.2,176.12 1 0
github.com/omnipeak/protoc-gen-markdown/internal/converter/converter.go:167.33,169.3 1 0
github.com/omnipeak/protoc-gen-markdown/internal/converter/converter.go:171.33,172.92 1 0
github.com/omnipeak/protoc-gen-markdown/internal/converter/converter.go:172.92,174.4 1 0
